[05-Apr-2024 19:20:30 UTC] PHP Fatal error:  Uncaught TypeError: call_user_func_array(): Argument #1 ($callback) must be a valid callback, function "yoga_init" not found or invalid function name in /Users/rino/Local Sites/project/app/public/wp-includes/class-wp-hook.php:324
Stack trace:
#0 /Users/rino/Local Sites/project/app/public/wp-includes/class-wp-hook.php(348): WP_Hook->apply_filters(NULL, Array)
#1 /Users/rino/Local Sites/project/app/public/wp-includes/plugin.php(517): WP_Hook->do_action(Array)
#2 /Users/rino/Local Sites/project/app/public/wp-settings.php(695): do_action('init')
#3 /Users/rino/Local Sites/project/app/public/wp-config.php(103): require_once('/Users/rino/Loc...')
#4 /Users/rino/Local Sites/project/app/public/wp-load.php(50): require_once('/Users/rino/Loc...')
#5 /Users/rino/Local Sites/project/app/public/wp-admin/admin.php(34): require_once('/Users/rino/Loc...')
#6 /Users/rino/Local Sites/project/app/public/wp-admin/themes.php(10): require_once('/Users/rino/Loc...')
#7 {main}
  thrown in /Users/rino/Local Sites/project/app/public/wp-includes/class-wp-hook.php on line 324
[05-Apr-2024 19:22:56 UTC] PHP Fatal error:  Uncaught TypeError: call_user_func_array(): Argument #1 ($callback) must be a valid callback, function "yoga_init" not found or invalid function name in /Users/rino/Local Sites/project/app/public/wp-includes/class-wp-hook.php:324
Stack trace:
#0 /Users/rino/Local Sites/project/app/public/wp-includes/class-wp-hook.php(348): WP_Hook->apply_filters(NULL, Array)
#1 /Users/rino/Local Sites/project/app/public/wp-includes/plugin.php(517): WP_Hook->do_action(Array)
#2 /Users/rino/Local Sites/project/app/public/wp-settings.php(695): do_action('init')
#3 /Users/rino/Local Sites/project/app/public/wp-config.php(103): require_once('/Users/rino/Loc...')
#4 /Users/rino/Local Sites/project/app/public/wp-load.php(50): require_once('/Users/rino/Loc...')
#5 /Users/rino/Local Sites/project/app/public/wp-admin/admin.php(34): require_once('/Users/rino/Loc...')
#6 /Users/rino/Local Sites/project/app/public/wp-admin/themes.php(10): require_once('/Users/rino/Loc...')
#7 {main}
  thrown in /Users/rino/Local Sites/project/app/public/wp-includes/class-wp-hook.php on line 324
[05-Apr-2024 19:22:56 UTC] PHP Fatal error:  Uncaught TypeError: call_user_func_array(): Argument #1 ($callback) must be a valid callback, function "yoga_init" not found or invalid function name in /Users/rino/Local Sites/project/app/public/wp-includes/class-wp-hook.php:324
Stack trace:
#0 /Users/rino/Local Sites/project/app/public/wp-includes/class-wp-hook.php(348): WP_Hook->apply_filters(NULL, Array)
#1 /Users/rino/Local Sites/project/app/public/wp-includes/plugin.php(517): WP_Hook->do_action(Array)
#2 /Users/rino/Local Sites/project/app/public/wp-settings.php(695): do_action('init')
#3 /Users/rino/Local Sites/project/app/public/wp-config.php(103): require_once('/Users/rino/Loc...')
#4 /Users/rino/Local Sites/project/app/public/wp-load.php(50): require_once('/Users/rino/Loc...')
#5 /Users/rino/Local Sites/project/app/public/wp-admin/admin-ajax.php(22): require_once('/Users/rino/Loc...')
#6 {main}
  thrown in /Users/rino/Local Sites/project/app/public/wp-includes/class-wp-hook.php on line 324
[05-Apr-2024 19:26:00 UTC] PHP Fatal error:  Uncaught TypeError: call_user_func_array(): Argument #1 ($callback) must be a valid callback, function "yoga_init" not found or invalid function name in /Users/rino/Local Sites/project/app/public/wp-includes/class-wp-hook.php:324
Stack trace:
#0 /Users/rino/Local Sites/project/app/public/wp-includes/class-wp-hook.php(348): WP_Hook->apply_filters(NULL, Array)
#1 /Users/rino/Local Sites/project/app/public/wp-includes/plugin.php(517): WP_Hook->do_action(Array)
#2 /Users/rino/Local Sites/project/app/public/wp-settings.php(695): do_action('init')
#3 /Users/rino/Local Sites/project/app/public/wp-config.php(103): require_once('/Users/rino/Loc...')
#4 /Users/rino/Local Sites/project/app/public/wp-load.php(50): require_once('/Users/rino/Loc...')
#5 /Users/rino/Local Sites/project/app/public/wp-admin/admin.php(34): require_once('/Users/rino/Loc...')
#6 /Users/rino/Local Sites/project/app/public/wp-admin/themes.php(10): require_once('/Users/rino/Loc...')
#7 {main}
  thrown in /Users/rino/Local Sites/project/app/public/wp-includes/class-wp-hook.php on line 324
[05-Apr-2024 19:26:01 UTC] PHP Fatal error:  Uncaught TypeError: call_user_func_array(): Argument #1 ($callback) must be a valid callback, function "yoga_init" not found or invalid function name in /Users/rino/Local Sites/project/app/public/wp-includes/class-wp-hook.php:324
Stack trace:
#0 /Users/rino/Local Sites/project/app/public/wp-includes/class-wp-hook.php(348): WP_Hook->apply_filters(NULL, Array)
#1 /Users/rino/Local Sites/project/app/public/wp-includes/plugin.php(517): WP_Hook->do_action(Array)
#2 /Users/rino/Local Sites/project/app/public/wp-settings.php(695): do_action('init')
#3 /Users/rino/Local Sites/project/app/public/wp-config.php(103): require_once('/Users/rino/Loc...')
#4 /Users/rino/Local Sites/project/app/public/wp-load.php(50): require_once('/Users/rino/Loc...')
#5 /Users/rino/Local Sites/project/app/public/wp-admin/admin-ajax.php(22): require_once('/Users/rino/Loc...')
#6 {main}
  thrown in /Users/rino/Local Sites/project/app/public/wp-includes/class-wp-hook.php on line 324
[06-Apr-2024 19:41:12 UTC] PHP Fatal error:  Allowed memory size of 268435456 bytes exhausted (tried to allocate 20480 bytes) in /Users/rino/Local Sites/project/app/public/wp-includes/plugin.php on line 203
[06-Apr-2024 19:41:12 UTC] PHP Fatal error:  Uncaught InvalidArgumentException: Unidentified action 109 in /Users/rino/Local Sites/project/app/public/wp-content/plugins/woocommerce/packages/action-scheduler/classes/data-stores/ActionScheduler_DBStore.php:1085
Stack trace:
#0 /Users/rino/Local Sites/project/app/public/wp-content/plugins/woocommerce/packages/action-scheduler/classes/ActionScheduler_FatalErrorMonitor.php(48): ActionScheduler_DBStore->mark_failure(109)
#1 /Users/rino/Local Sites/project/app/public/wp-includes/class-wp-hook.php(324): ActionScheduler_FatalErrorMonitor->handle_unexpected_shutdown('')
#2 /Users/rino/Local Sites/project/app/public/wp-includes/class-wp-hook.php(348): WP_Hook->apply_filters(NULL, Array)
#3 /Users/rino/Local Sites/project/app/public/wp-includes/plugin.php(517): WP_Hook->do_action(Array)
#4 /Users/rino/Local Sites/project/app/public/wp-includes/load.php(1270): do_action('shutdown')
#5 [internal function]: shutdown_action_hook()
#6 {main}
  thrown in /Users/rino/Local Sites/project/app/public/wp-content/plugins/woocommerce/packages/action-scheduler/classes/data-stores/ActionScheduler_DBStore.php on line 1085
[06-Apr-2024 19:52:36 UTC] PHP Warning:  Trying to access array offset on value of type bool in /Users/rino/Local Sites/project/app/public/wp-content/themes/customtheme/archive-product.php on line 5
[06-Apr-2024 20:09:26 UTC] PHP Warning:  Trying to access array offset on value of type bool in /Users/rino/Local Sites/project/app/public/wp-content/themes/customtheme/archive-product.php on line 5
[06-Apr-2024 20:09:35 UTC] PHP Fatal error:  Uncaught Error: Call to undefined function p_kses_post() in /Users/rino/Local Sites/project/app/public/wp-content/themes/customtheme/templates/homepage-template.php:39
Stack trace:
#0 /Users/rino/Local Sites/project/app/public/wp-includes/template-loader.php(106): include()
#1 /Users/rino/Local Sites/project/app/public/wp-blog-header.php(19): require_once('/Users/rino/Loc...')
#2 /Users/rino/Local Sites/project/app/public/index.php(17): require('/Users/rino/Loc...')
#3 {main}
  thrown in /Users/rino/Local Sites/project/app/public/wp-content/themes/customtheme/templates/homepage-template.php on line 39
[06-Apr-2024 20:15:32 UTC] PHP Warning:  Trying to access array offset on value of type bool in /Users/rino/Local Sites/project/app/public/wp-content/themes/customtheme/templates/homepage-template.php on line 80
[06-Apr-2024 20:16:56 UTC] PHP Warning:  Trying to access array offset on value of type bool in /Users/rino/Local Sites/project/app/public/wp-content/themes/customtheme/templates/homepage-template.php on line 82
[07-Apr-2024 02:14:05 UTC] PHP Warning:  Trying to access array offset on value of type bool in /Users/rino/Local Sites/project/app/public/wp-content/themes/customtheme/templates/homepage-template.php on line 76
[07-Apr-2024 02:23:34 UTC] PHP Warning:  Trying to access array offset on value of type bool in /Users/rino/Local Sites/project/app/public/wp-content/themes/customtheme/archive-product.php on line 5
[07-Apr-2024 02:23:49 UTC] PHP Warning:  Trying to access array offset on value of type bool in /Users/rino/Local Sites/project/app/public/wp-content/themes/customtheme/archive-product.php on line 5
[07-Apr-2024 02:24:16 UTC] PHP Warning:  Trying to access array offset on value of type bool in /Users/rino/Local Sites/project/app/public/wp-content/themes/customtheme/templates/homepage-template.php on line 76
[07-Apr-2024 02:24:32 UTC] PHP Warning:  Trying to access array offset on value of type bool in /Users/rino/Local Sites/project/app/public/wp-content/themes/customtheme/templates/homepage-template.php on line 76
[07-Apr-2024 02:31:34 UTC] PHP Warning:  Trying to access array offset on value of type bool in /Users/rino/Local Sites/project/app/public/wp-content/themes/customtheme/templates/homepage-template.php on line 76
[07-Apr-2024 02:31:34 UTC] PHP Warning:  Trying to access array offset on value of type bool in /Users/rino/Local Sites/project/app/public/wp-content/themes/customtheme/templates/homepage-template.php on line 76
[07-Apr-2024 02:31:34 UTC] PHP Warning:  Trying to access array offset on value of type bool in /Users/rino/Local Sites/project/app/public/wp-content/themes/customtheme/templates/homepage-template.php on line 76
[07-Apr-2024 02:33:50 UTC] PHP Warning:  Trying to access array offset on value of type bool in /Users/rino/Local Sites/project/app/public/wp-content/themes/customtheme/templates/homepage-template.php on line 73
[07-Apr-2024 02:33:50 UTC] PHP Warning:  Trying to access array offset on value of type bool in /Users/rino/Local Sites/project/app/public/wp-content/themes/customtheme/templates/homepage-template.php on line 73
[07-Apr-2024 02:33:50 UTC] PHP Warning:  Trying to access array offset on value of type bool in /Users/rino/Local Sites/project/app/public/wp-content/themes/customtheme/templates/homepage-template.php on line 73
[07-Apr-2024 02:34:21 UTC] PHP Warning:  Trying to access array offset on value of type bool in /Users/rino/Local Sites/project/app/public/wp-content/themes/customtheme/templates/homepage-template.php on line 73
[07-Apr-2024 02:34:21 UTC] PHP Warning:  Trying to access array offset on value of type bool in /Users/rino/Local Sites/project/app/public/wp-content/themes/customtheme/templates/homepage-template.php on line 73
[07-Apr-2024 02:34:21 UTC] PHP Warning:  Trying to access array offset on value of type bool in /Users/rino/Local Sites/project/app/public/wp-content/themes/customtheme/templates/homepage-template.php on line 73
[07-Apr-2024 02:34:49 UTC] PHP Warning:  Trying to access array offset on value of type bool in /Users/rino/Local Sites/project/app/public/wp-content/themes/customtheme/templates/homepage-template.php on line 73
[07-Apr-2024 02:34:49 UTC] PHP Warning:  Trying to access array offset on value of type bool in /Users/rino/Local Sites/project/app/public/wp-content/themes/customtheme/templates/homepage-template.php on line 73
[07-Apr-2024 02:34:49 UTC] PHP Warning:  Trying to access array offset on value of type bool in /Users/rino/Local Sites/project/app/public/wp-content/themes/customtheme/templates/homepage-template.php on line 73
[07-Apr-2024 02:35:08 UTC] PHP Parse error:  syntax error, unexpected token "endwhile", expecting end of file in /Users/rino/Local Sites/project/app/public/wp-content/themes/customtheme/templates/homepage-template.php on line 72
[07-Apr-2024 03:22:31 UTC] PHP Parse error:  syntax error, unexpected end of file in /Users/rino/Local Sites/project/app/public/wp-content/themes/customtheme/templates/single-custom-post-type-template.php on line 49
[07-Apr-2024 18:01:08 UTC] PHP Parse error:  syntax error, unexpected token "endwhile", expecting end of file in /Users/rino/Local Sites/project/app/public/wp-content/themes/customtheme/templates/single-custom-post-type-template.php on line 31
[07-Apr-2024 18:22:19 UTC] PHP Warning:  Trying to access array offset on value of type bool in /Users/rino/Local Sites/project/app/public/wp-content/themes/customtheme/archive-product.php on line 5
[07-Apr-2024 18:30:17 UTC] PHP Warning:  Trying to access array offset on value of type bool in /Users/rino/Local Sites/project/app/public/wp-content/themes/customtheme/archive-product.php on line 5
[07-Apr-2024 18:36:45 UTC] PHP Warning:  Trying to access array offset on value of type bool in /Users/rino/Local Sites/project/app/public/wp-content/themes/customtheme/archive-product.php on line 5
[07-Apr-2024 18:37:04 UTC] PHP Warning:  Trying to access array offset on value of type bool in /Users/rino/Local Sites/project/app/public/wp-content/themes/customtheme/archive-product.php on line 5
[07-Apr-2024 18:39:31 UTC] PHP Warning:  Trying to access array offset on value of type bool in /Users/rino/Local Sites/project/app/public/wp-content/themes/customtheme/archive-product.php on line 5
[07-Apr-2024 18:39:41 UTC] PHP Warning:  Trying to access array offset on value of type bool in /Users/rino/Local Sites/project/app/public/wp-content/themes/customtheme/archive-product.php on line 5
[07-Apr-2024 18:43:40 UTC] PHP Warning:  Trying to access array offset on value of type bool in /Users/rino/Local Sites/project/app/public/wp-content/themes/customtheme/archive-product.php on line 5
[07-Apr-2024 18:44:02 UTC] PHP Warning:  Trying to access array offset on value of type bool in /Users/rino/Local Sites/project/app/public/wp-content/themes/customtheme/archive-product.php on line 5
[07-Apr-2024 18:47:29 UTC] PHP Warning:  Trying to access array offset on value of type bool in /Users/rino/Local Sites/project/app/public/wp-content/themes/customtheme/archive-product.php on line 5
[07-Apr-2024 19:32:54 UTC] PHP Warning:  Trying to access array offset on value of type bool in /Users/rino/Local Sites/project/app/public/wp-content/themes/customtheme/archive-product.php on line 5
[07-Apr-2024 19:33:06 UTC] PHP Warning:  Trying to access array offset on value of type bool in /Users/rino/Local Sites/project/app/public/wp-content/themes/customtheme/archive-product.php on line 5
[08-Apr-2024 01:58:45 UTC] PHP Fatal error:  Uncaught WCPay\Exceptions\API_Exception: Your site host "project.local" is on a private network. Jetpack can only connect to public sites. in /Users/rino/Local Sites/project/app/public/wp-content/plugins/woocommerce-payments/includes/wc-payment-api/class-wc-payments-http.php:194
Stack trace:
#0 /Users/rino/Local Sites/project/app/public/wp-content/plugins/woocommerce-payments/includes/wc-payment-api/class-wc-payments-api-client.php(222): WC_Payments_Http->start_connection('http://project....')
#1 /Users/rino/Local Sites/project/app/public/wp-content/plugins/woocommerce-payments/includes/class-wc-payments-account.php(2056): WC_Payments_API_Client->start_server_connection('http://project....')
#2 /Users/rino/Local Sites/project/app/public/wp-content/plugins/woocommerce-payments/includes/class-wc-payments-account.php(1099): WC_Payments_Account->redirect_to_onboarding_flow_page('wcadmin-payment...')
#3 /Users/rino/Local Sites/project/app/public/wp-includes/class-wp-hook.php(324): WC_Payments_Account->maybe_handle_onboarding('')
#4 /Users/rino/Local Sites/project/app/public/wp-includes/class-wp-hook.php(348): WP_Hook->apply_filters(NULL, Array)
#5 /Users/rino/Local Sites/project/app/public/wp-includes/plugin.php(517): WP_Hook->do_action(Array)
#6 /Users/rino/Local Sites/project/app/public/wp-admin/admin.php(175): do_action('admin_init')
#7 /Users/rino/Local Sites/project/app/public/wp-admin/index.php(10): require_once('/Users/rino/Loc...')
#8 {main}
  thrown in /Users/rino/Local Sites/project/app/public/wp-content/plugins/woocommerce-payments/includes/wc-payment-api/class-wc-payments-http.php on line 194
[08-Apr-2024 01:59:05 UTC] PHP Fatal error:  Uncaught WCPay\Exceptions\API_Exception: Your site host "project.local" is on a private network. Jetpack can only connect to public sites. in /Users/rino/Local Sites/project/app/public/wp-content/plugins/woocommerce-payments/includes/wc-payment-api/class-wc-payments-http.php:194
Stack trace:
#0 /Users/rino/Local Sites/project/app/public/wp-content/plugins/woocommerce-payments/includes/wc-payment-api/class-wc-payments-api-client.php(222): WC_Payments_Http->start_connection('http://project....')
#1 /Users/rino/Local Sites/project/app/public/wp-content/plugins/woocommerce-payments/includes/class-wc-payments-account.php(2056): WC_Payments_API_Client->start_server_connection('http://project....')
#2 /Users/rino/Local Sites/project/app/public/wp-content/plugins/woocommerce-payments/includes/class-wc-payments-account.php(1099): WC_Payments_Account->redirect_to_onboarding_flow_page('wcadmin-payment...')
#3 /Users/rino/Local Sites/project/app/public/wp-includes/class-wp-hook.php(324): WC_Payments_Account->maybe_handle_onboarding('')
#4 /Users/rino/Local Sites/project/app/public/wp-includes/class-wp-hook.php(348): WP_Hook->apply_filters(NULL, Array)
#5 /Users/rino/Local Sites/project/app/public/wp-includes/plugin.php(517): WP_Hook->do_action(Array)
#6 /Users/rino/Local Sites/project/app/public/wp-admin/admin.php(175): do_action('admin_init')
#7 /Users/rino/Local Sites/project/app/public/wp-admin/index.php(10): require_once('/Users/rino/Loc...')
#8 {main}
  thrown in /Users/rino/Local Sites/project/app/public/wp-content/plugins/woocommerce-payments/includes/wc-payment-api/class-wc-payments-http.php on line 194
[08-Apr-2024 02:01:50 UTC] PHP Fatal error:  Uncaught WCPay\Exceptions\API_Exception: Your site host "project.local" is on a private network. Jetpack can only connect to public sites. in /Users/rino/Local Sites/project/app/public/wp-content/plugins/woocommerce-payments/includes/wc-payment-api/class-wc-payments-http.php:194
Stack trace:
#0 /Users/rino/Local Sites/project/app/public/wp-content/plugins/woocommerce-payments/includes/wc-payment-api/class-wc-payments-api-client.php(222): WC_Payments_Http->start_connection('http://project....')
#1 /Users/rino/Local Sites/project/app/public/wp-content/plugins/woocommerce-payments/includes/class-wc-payments-account.php(2056): WC_Payments_API_Client->start_server_connection('http://project....')
#2 /Users/rino/Local Sites/project/app/public/wp-content/plugins/woocommerce-payments/includes/class-wc-payments-account.php(1099): WC_Payments_Account->redirect_to_onboarding_flow_page('wcpay-connect-p...')
#3 /Users/rino/Local Sites/project/app/public/wp-includes/class-wp-hook.php(324): WC_Payments_Account->maybe_handle_onboarding('')
#4 /Users/rino/Local Sites/project/app/public/wp-includes/class-wp-hook.php(348): WP_Hook->apply_filters(NULL, Array)
#5 /Users/rino/Local Sites/project/app/public/wp-includes/plugin.php(517): WP_Hook->do_action(Array)
#6 /Users/rino/Local Sites/project/app/public/wp-admin/admin.php(175): do_action('admin_init')
#7 {main}
  thrown in /Users/rino/Local Sites/project/app/public/wp-content/plugins/woocommerce-payments/includes/wc-payment-api/class-wc-payments-http.php on line 194
[08-Apr-2024 02:08:44 UTC] PHP Fatal error:  Uncaught WCPay\Exceptions\API_Exception: Your site host "project.local" is on a private network. Jetpack can only connect to public sites. in /Users/rino/Local Sites/project/app/public/wp-content/plugins/woocommerce-payments/includes/wc-payment-api/class-wc-payments-http.php:194
Stack trace:
#0 /Users/rino/Local Sites/project/app/public/wp-content/plugins/woocommerce-payments/includes/wc-payment-api/class-wc-payments-api-client.php(222): WC_Payments_Http->start_connection('http://project....')
#1 /Users/rino/Local Sites/project/app/public/wp-content/plugins/woocommerce-payments/includes/class-wc-payments-account.php(2056): WC_Payments_API_Client->start_server_connection('http://project....')
#2 /Users/rino/Local Sites/project/app/public/wp-content/plugins/woocommerce-payments/includes/class-wc-payments-account.php(1099): WC_Payments_Account->redirect_to_onboarding_flow_page('wcpay-connect-p...')
#3 /Users/rino/Local Sites/project/app/public/wp-includes/class-wp-hook.php(324): WC_Payments_Account->maybe_handle_onboarding('')
#4 /Users/rino/Local Sites/project/app/public/wp-includes/class-wp-hook.php(348): WP_Hook->apply_filters(NULL, Array)
#5 /Users/rino/Local Sites/project/app/public/wp-includes/plugin.php(517): WP_Hook->do_action(Array)
#6 /Users/rino/Local Sites/project/app/public/wp-admin/admin.php(175): do_action('admin_init')
#7 {main}
  thrown in /Users/rino/Local Sites/project/app/public/wp-content/plugins/woocommerce-payments/includes/wc-payment-api/class-wc-payments-http.php on line 194
[08-Apr-2024 02:14:19 UTC] woocommerce_blocks_checkout_order_processed is deprecated since version 7.2.0! Use woocommerce_store_api_checkout_order_processed instead. This action was deprecated in WooCommerce Blocks version 7.2.0. Please use woocommerce_store_api_checkout_order_processed instead.
[08-Apr-2024 02:22:58 UTC] woocommerce_blocks_checkout_order_processed is deprecated since version 7.2.0! Use woocommerce_store_api_checkout_order_processed instead. This action was deprecated in WooCommerce Blocks version 7.2.0. Please use woocommerce_store_api_checkout_order_processed instead.
[08-Apr-2024 03:15:13 UTC] Cron reschedule event error for hook: action_scheduler_run_queue, Error code: could_not_set, Error message: The cron event list could not be saved., Data: {"schedule":"every_minute","args":["WP Cron"],"interval":60}
[08-Apr-2024 03:34:08 UTC] PHP Warning:  Trying to access array offset on value of type bool in /Users/rino/Local Sites/project/app/public/wp-content/themes/customtheme/archive-product.php on line 5
[08-Apr-2024 03:34:16 UTC] PHP Warning:  Trying to access array offset on value of type bool in /Users/rino/Local Sites/project/app/public/wp-content/themes/customtheme/archive-product.php on line 5
[08-Apr-2024 03:34:38 UTC] PHP Warning:  Trying to access array offset on value of type bool in /Users/rino/Local Sites/project/app/public/wp-content/themes/customtheme/archive-product.php on line 5
[08-Apr-2024 05:05:02 UTC] PHP Warning:  Trying to access array offset on value of type bool in /Users/rino/Local Sites/project/app/public/wp-content/themes/customtheme/archive-product.php on line 5
