2024-04-07T02:23:52+00:00 DEBUG Tt4b_Pixel_Class::inject_add_to_cart_event: hit AddToCart
2024-04-07T02:23:52+00:00 DEBUG Tt4b_Pixel_Class::inject_add_to_cart_event: Missing option "access_token"
2024-04-07T18:08:31+00:00 DEBUG Tt4b_Pixel_Class::inject_add_to_cart_event: hit AddToCart
2024-04-07T18:08:31+00:00 DEBUG Tt4b_Pixel_Class::inject_add_to_cart_event: Missing option "access_token"
2024-04-07T18:08:33+00:00 DEBUG Tt4b_Pixel_Class::inject_view_content_event: hit ViewContent
2024-04-07T18:08:33+00:00 DEBUG Tt4b_Pixel_Class::inject_view_content_event: Missing option "access_token"
2024-04-07T18:08:45+00:00 DEBUG Tt4b_Pixel_Class::inject_add_to_cart_event: hit AddToCart
2024-04-07T18:08:45+00:00 DEBUG Tt4b_Pixel_Class::inject_add_to_cart_event: Missing option "access_token"
2024-04-07T18:08:45+00:00 DEBUG Tt4b_Pixel_Class::inject_view_content_event: hit ViewContent
2024-04-07T18:08:45+00:00 DEBUG Tt4b_Pixel_Class::inject_view_content_event: Missing option "access_token"
2024-04-07T18:19:40+00:00 DEBUG Tt4b_Pixel_Class::inject_view_content_event: hit ViewContent
2024-04-07T18:19:40+00:00 DEBUG Tt4b_Pixel_Class::inject_view_content_event: Missing option "access_token"
2024-04-07T18:22:24+00:00 DEBUG Tt4b_Pixel_Class::inject_view_content_event: hit ViewContent
2024-04-07T18:22:24+00:00 DEBUG Tt4b_Pixel_Class::inject_view_content_event: Missing option "access_token"
2024-04-07T18:25:35+00:00 DEBUG tt4b_product_delete: missing access token for tt4b_product_sync
2024-04-07T18:25:35+00:00 DEBUG tt4b_product_delete: missing access token for tt4b_product_sync
2024-04-07T18:25:38+00:00 DEBUG tt4b_product_delete: missing access token for tt4b_product_sync
2024-04-07T18:25:38+00:00 DEBUG tt4b_product_delete: missing access token for tt4b_product_sync
2024-04-07T18:25:41+00:00 DEBUG tt4b_product_delete: missing access token for tt4b_product_sync
2024-04-07T18:25:41+00:00 DEBUG tt4b_product_delete: missing access token for tt4b_product_sync
2024-04-07T18:25:44+00:00 DEBUG tt4b_product_delete: missing access token for tt4b_product_sync
2024-04-07T18:25:44+00:00 DEBUG tt4b_product_delete: missing access token for tt4b_product_sync
2024-04-07T18:25:57+00:00 DEBUG Tt4b_Pixel_Class::inject_view_content_event: hit ViewContent
2024-04-07T18:25:57+00:00 DEBUG Tt4b_Pixel_Class::inject_view_content_event: Missing option "access_token"
2024-04-07T18:30:22+00:00 DEBUG Tt4b_Pixel_Class::inject_view_content_event: hit ViewContent
2024-04-07T18:30:22+00:00 DEBUG Tt4b_Pixel_Class::inject_view_content_event: Missing option "access_token"
2024-04-07T18:44:04+00:00 DEBUG Tt4b_Pixel_Class::inject_add_to_cart_event: hit AddToCart
2024-04-07T18:44:04+00:00 DEBUG Tt4b_Pixel_Class::inject_add_to_cart_event: Missing option "access_token"
2024-04-07T18:44:06+00:00 DEBUG Tt4b_Pixel_Class::inject_view_content_event: hit ViewContent
2024-04-07T18:44:06+00:00 DEBUG Tt4b_Pixel_Class::inject_view_content_event: Missing option "access_token"
